<?xml version="1.0" encoding="UTF-8"?>
<testsuite xmlns:xsi="http://www.w3.org/2001/XMLSchema-instance" xsi:noNamespaceSchemaLocation="https://maven.apache.org/surefire/maven-surefire-plugin/xsd/surefire-test-report-3.0.xsd" version="3.0" name="org.example.TestRunnerProject.report" time="334.765" tests="19" errors="0" skipped="0" failures="3">
  <properties>
[...]
</properties>
  <testcase name="runScenario" classname="org.example.TestRunnerProject.report" time="23.976"/>
  <testcase name="runScenario" classname="org.example.TestRunnerProject.report" time="16.119"/>
  <testcase name="runScenario" classname="org.example.TestRunnerProject.report" time="32.018"/>
  <testcase name="runScenario" classname="org.example.TestRunnerProject.report" time="11.185"/>
  <testcase name="runScenario" classname="org.example.TestRunnerProject.report" time="12.189"/>
  <testcase name="runScenario" classname="org.example.TestRunnerProject.report" time="14.79"/>
  <testcase name="runScenario" classname="org.example.TestRunnerProject.report" time="13.844"/>
  <testcase name="runScenario" classname="org.example.TestRunnerProject.report" time="30.757"/>
  <testcase name="runScenario" classname="org.example.TestRunnerProject.report" time="17.884"/>
  <testcase name="runScenario" classname="org.example.TestRunnerProject.report" time="17.768"/>
  <testcase name="runScenario" classname="org.example.TestRunnerProject.report" time="26.53"/>
  <testcase name="runScenario" classname="org.example.TestRunnerProject.report" time="12.617">
    <failure message="expected [https://demo.nopcommerce.com/iphone-6] but found [https://demo.nopcommerce.com/]" type="java.lang.AssertionError"><![CDATA[java.lang.AssertionError: expected [https://demo.nopcommerce.com/iphone-6] but found [https://demo.nopcommerce.com/]
]]></failure>
    <system-out><![CDATA[
@SmokeTest
Scenario: first slider is clickable on home page      &amp#27;[90m# src/main/resources/ProjectFeatures/F06_SlidersWrapper.feature:4&amp#27;[0m
  &amp#27;[32mGiven &amp#27;[0m&amp#27;[32muser clicks on first slider&amp#27;[0m                   &amp#27;[90m# org.example.StepDefinitions.D06_SlidersWrapperStepD.click_First_SliderWrapper()&amp#27;[0m
https://demo.nopcommerce.com/
  &amp#27;[31mThen &amp#27;[0m&amp#27;[31mrelative product for first slider is displayed&amp#27;[0m &amp#27;[90m# org.example.StepDefinitions.D06_SlidersWrapperStepD.displayedFirstSlider()&amp#27;[0m
      &amp#27;[31mjava.lang.AssertionError: expected [https://demo.nopcommerce.com/iphone-6] but found [https://demo.nopcommerce.com/]
	at org.testng.Assert.fail(Assert.java:99)
	at org.testng.Assert.failNotEquals(Assert.java:1037)
	at org.testng.Assert.assertEqualsImpl(Assert.java:140)
	at org.testng.Assert.assertEquals(Assert.java:122)
	at org.testng.Assert.assertEquals(Assert.java:629)
	at org.testng.Assert.assertEquals(Assert.java:639)
	at org.example.StepDefinitions.D06_SlidersWrapperStepD.displayedFirstSlider(D06_SlidersWrapperStepD.java:30)
	at âœ½.relative product for first slider is displayed(file:///C:/Users/MakkaH-73/IdeaProjects/DemoNopCommerceProject/src/main/resources/ProjectFeatures/F06_SlidersWrapper.feature:6)
&amp#27;[0m
]]></system-out>
    <system-err><![CDATA[Starting ChromeDriver 106.0.5249.61 (511755355844955cd3e264779baf0dd38212a4d0-refs/branch-heads/5249@{#569}) on port 58705
Only local connections are allowed.
Please see https://chromedriver.chromium.org/security-considerations for suggestions on keeping ChromeDriver safe.
ChromeDriver was started successfully.
أكت 11, 2022 9:16:11 م org.openqa.selenium.remote.ProtocolHandshake createSession
INFO: Detected upstream dialect: W3C
أكت 11, 2022 9:16:11 م org.openqa.selenium.devtools.CdpVersionFinder findNearestMatch
WARNING: Unable to find an exact match for CDP version 106, so returning the closest version found: 104
أكت 11, 2022 9:16:11 م org.openqa.selenium.devtools.CdpVersionFinder findNearestMatch
INFO: Found CDP implementation for version 106 of 104
]]></system-err>
  </testcase>
  <testcase name="runScenario" classname="org.example.TestRunnerProject.report" time="15.998">
    <failure message="expected [https://demo.nopcommerce.com/nokia-lumia-1020] but found [https://demo.nopcommerce.com/]" type="java.lang.AssertionError"><![CDATA[java.lang.AssertionError: expected [https://demo.nopcommerce.com/nokia-lumia-1020] but found [https://demo.nopcommerce.com/]
]]></failure>
    <system-out><![CDATA[
@SmokeTest
Scenario: second slider is clickable on home page      &amp#27;[90m# src/main/resources/ProjectFeatures/F06_SlidersWrapper.feature:8&amp#27;[0m
  &amp#27;[32mGiven &amp#27;[0m&amp#27;[32muser clicks on second slider&amp#27;[0m                   &amp#27;[90m# org.example.StepDefinitions.D06_SlidersWrapperStepD.Second_Slider()&amp#27;[0m
  &amp#27;[31mThen &amp#27;[0m&amp#27;[31mrelative product for second slider is displayed&amp#27;[0m &amp#27;[90m# org.example.StepDefinitions.D06_SlidersWrapperStepD.SecondSlider()&amp#27;[0m
      &amp#27;[31mjava.lang.AssertionError: expected [https://demo.nopcommerce.com/nokia-lumia-1020] but found [https://demo.nopcommerce.com/]
	at org.testng.Assert.fail(Assert.java:99)
	at org.testng.Assert.failNotEquals(Assert.java:1037)
	at org.testng.Assert.assertEqualsImpl(Assert.java:140)
	at org.testng.Assert.assertEquals(Assert.java:122)
	at org.testng.Assert.assertEquals(Assert.java:629)
	at org.testng.Assert.assertEquals(Assert.java:639)
	at org.example.StepDefinitions.D06_SlidersWrapperStepD.SecondSlider(D06_SlidersWrapperStepD.java:43)
	at âœ½.relative product for second slider is displayed(file:///C:/Users/MakkaH-73/IdeaProjects/DemoNopCommerceProject/src/main/resources/ProjectFeatures/F06_SlidersWrapper.feature:10)
&amp#27;[0m
]]></system-out>
    <system-err><![CDATA[Starting ChromeDriver 106.0.5249.61 (511755355844955cd3e264779baf0dd38212a4d0-refs/branch-heads/5249@{#569}) on port 51821
Only local connections are allowed.
Please see https://chromedriver.chromium.org/security-considerations for suggestions on keeping ChromeDriver safe.
ChromeDriver was started successfully.
أكت 11, 2022 9:16:24 م org.openqa.selenium.remote.ProtocolHandshake createSession
INFO: Detected upstream dialect: W3C
أكت 11, 2022 9:16:24 م org.openqa.selenium.devtools.CdpVersionFinder findNearestMatch
WARNING: Unable to find an exact match for CDP version 106, so returning the closest version found: 104
أكت 11, 2022 9:16:24 م org.openqa.selenium.devtools.CdpVersionFinder findNearestMatch
INFO: Found CDP implementation for version 106 of 104
]]></system-err>
  </testcase>
  <testcase name="runScenario" classname="org.example.TestRunnerProject.report" time="13.938"/>
  <testcase name="runScenario" classname="org.example.TestRunnerProject.report" time="14.568"/>
  <testcase name="runScenario" classname="org.example.TestRunnerProject.report" time="11.227">
    <failure message="Index: 1, Size: 1" type="java.lang.IndexOutOfBoundsException"><![CDATA[java.lang.IndexOutOfBoundsException: Index: 1, Size: 1
]]></failure>
    <system-out><![CDATA[
@SmokeTest
Scenario: user could open rss link successfully                                              &amp#27;[90m# src/main/resources/ProjectFeatures/F07_FollowUs.feature:12&amp#27;[0m
  &amp#27;[32mWhen &amp#27;[0m&amp#27;[32muser opens rss link&amp#27;[0m                                                                   &amp#27;[90m# org.example.StepDefinitions.D07_FollowUsStepD.openRss()&amp#27;[0m
1
  &amp#27;[31mThen &amp#27;[0m&amp#27;[31m"&amp#27;[0m&amp#27;[31m&amp#27;[1mhttps://demo.nopcommerce.com/new-online-store-is-open&amp#27;[0m&amp#27;[31m" The link is opened in new tab&amp#27;[0m &amp#27;[90m# org.example.StepDefinitions.D07_FollowUsStepD.newTabOpened(java.lang.String)&amp#27;[0m
      &amp#27;[31mjava.lang.IndexOutOfBoundsException: Index: 1, Size: 1
	at java.util.ArrayList.rangeCheck(ArrayList.java:659)
	at java.util.ArrayList.get(ArrayList.java:435)
	at org.example.StepDefinitions.D07_FollowUsStepD.newTabOpened(D07_FollowUsStepD.java:46)
	at âœ½."https://demo.nopcommerce.com/new-online-store-is-open" The link is opened in new tab(file:///C:/Users/MakkaH-73/IdeaProjects/DemoNopCommerceProject/src/main/resources/ProjectFeatures/F07_FollowUs.feature:14)
&amp#27;[0m
]]></system-out>
    <system-err><![CDATA[Starting ChromeDriver 106.0.5249.61 (511755355844955cd3e264779baf0dd38212a4d0-refs/branch-heads/5249@{#569}) on port 60080
Only local connections are allowed.
Please see https://chromedriver.chromium.org/security-considerations for suggestions on keeping ChromeDriver safe.
ChromeDriver was started successfully.
أكت 11, 2022 9:17:08 م org.openqa.selenium.remote.ProtocolHandshake createSession
INFO: Detected upstream dialect: W3C
أكت 11, 2022 9:17:08 م org.openqa.selenium.devtools.CdpVersionFinder findNearestMatch
WARNING: Unable to find an exact match for CDP version 106, so returning the closest version found: 104
أكت 11, 2022 9:17:08 م org.openqa.selenium.devtools.CdpVersionFinder findNearestMatch
INFO: Found CDP implementation for version 106 of 104
]]></system-err>
  </testcase>
  <testcase name="runScenario" classname="org.example.TestRunnerProject.report" time="18.901"/>
  <testcase name="runScenario" classname="org.example.TestRunnerProject.report" time="13.741"/>
  <testcase name="runScenario" classname="org.example.TestRunnerProject.report" time="13.873"/>
</testsuite>